<?xml version="1.0" encoding="UTF-8"?>
<!-- Generated by org.testng.reporters.JUnitReportReporter -->
<testsuite hostname="LTIN518652" failures="0" tests="2" name="testCases.TC_002_FirstNewsTest" time="248.377" errors="0" timestamp="2024-06-04T23:12:48 IST" skipped="0">
  <testcase classname="testCases.TC_002_FirstNewsTest" name="verifyFirstNews" time="223.066"/>
  <testcase classname="testCases.TC_002_FirstNewsTest" name="verifyUserInfo" time="25.311"/>
</testsuite> <!-- testCases.TC_002_FirstNewsTest -->
