<?xml version="1.0" encoding="UTF-8"?>
<!-- Generated by org.testng.reporters.JUnitReportReporter -->
<testsuite hostname="LTIN518652" failures="0" tests="1" name="testCases.TC001_userInfoTest" time="25.335" errors="0" timestamp="2024-06-03T11:29:08 IST" skipped="0">
  <testcase classname="testCases.TC001_userInfoTest" name="verifyUserInfo" time="25.335"/>
</testsuite> <!-- testCases.TC001_userInfoTest -->
