<?xml version="1.0" encoding="UTF-8"?>
<!-- Generated by org.testng.reporters.JUnitReportReporter -->
<testsuite hostname="LTIN514035" failures="0" tests="4" name="testCases.TC_002_NewsPageTest" time="244.972" errors="0" timestamp="2024-06-12T20:09:19 IST" skipped="0">
  <testcase classname="testCases.TC_002_NewsPageTest" name="navigateBeCognizantPage" time="0.105"/>
  <system-out/>
  <testcase classname="testCases.TC_002_NewsPageTest" name="verifyUserInfo" time="19.942"/>
  <system-out/>
  <testcase classname="testCases.TC_002_NewsPageTest" name="verifynewsDisplayed" time="0.845"/>
  <system-out/>
  <testcase classname="testCases.TC_002_NewsPageTest" name="getNewsPageDetails" time="224.080"/>
  <system-out/>
</testsuite> <!-- testCases.TC_002_NewsPageTest -->
