<?xml version="1.0" encoding="UTF-8"?>
<!-- Generated by org.testng.reporters.JUnitReportReporter -->
<testsuite hostname="LTIN518652" failures="0" tests="1" name="testCases.TC_003_verifyAuthorHover" time="41.073" errors="0" timestamp="2024-06-04T17:29:52 IST" skipped="0">
  <testcase classname="testCases.TC_003_verifyAuthorHover" name="verifyAuthorhoverTest" time="41.073"/>
</testsuite> <!-- testCases.TC_003_verifyAuthorHover -->
