<?xml version="1.0" encoding="UTF-8"?>
<!-- Generated by org.testng.reporters.JUnitReportReporter -->
<testsuite hostname="LTIN518652" failures="0" tests="1" name="testCases.TC_002_TitleTest" time="65.589" errors="0" timestamp="2024-06-03T23:41:23 IST" skipped="0">
  <testcase classname="testCases.TC_002_TitleTest" name="verifyTitleTest" time="65.589"/>
</testsuite> <!-- testCases.TC_002_TitleTest -->
