<?xml version="1.0" encoding="UTF-8"?>
<!-- Generated by org.testng.reporters.JUnitReportReporter -->
<testsuite hostname="LTIN518652" failures="0" tests="1" name="testCases.TC_001_userInfoTest" time="25.340" errors="0" timestamp="2024-06-04T17:54:13 IST" skipped="0">
  <testcase classname="testCases.TC_001_userInfoTest" name="verifyUserInfo" time="25.340"/>
</testsuite> <!-- testCases.TC_001_userInfoTest -->
